2025-08-19 15:27:14,723 - __main__ - INFO - Starting FRAUDGUARD PRO processing pipeline
2025-08-19 15:27:14,724 - __main__ - INFO - Arguments: {'skip_preprocessing': False, 'skip_balancing': False, 'skip_training': False, 'skip_explainability': False, 'skip_report': False}
2025-08-19 15:27:14,725 - __main__ - INFO - Starting Preprocessing step
2025-08-19 15:27:14,725 - __main__ - INFO - Starting data preprocessing...
2025-08-19 15:27:14,727 - __main__ - ERROR - Preprocessing failed: No module named 'src'
2025-08-19 15:27:14,727 - __main__ - ERROR - Preprocessing step failed
2025-08-19 15:27:14,727 - __main__ - ERROR - Pipeline failed
2025-08-19 15:27:41,605 - __main__ - INFO - Starting FRAUDGUARD PRO processing pipeline
2025-08-19 15:27:41,605 - __main__ - INFO - Arguments: {'skip_preprocessing': True, 'skip_balancing': True, 'skip_training': False, 'skip_explainability': False, 'skip_report': False}
2025-08-19 15:27:41,606 - __main__ - INFO - Skipping Preprocessing step
2025-08-19 15:27:41,607 - __main__ - INFO - Skipping Balancing step
2025-08-19 15:27:41,607 - __main__ - INFO - Starting Training step
2025-08-19 15:27:41,607 - __main__ - INFO - Starting model training...
2025-08-19 15:27:41,608 - __main__ - ERROR - Model training failed: No module named 'src'
2025-08-19 15:27:41,608 - __main__ - ERROR - Training step failed
2025-08-19 15:27:41,608 - __main__ - ERROR - Pipeline failed
2025-08-19 15:30:22,495 - __main__ - INFO - Starting FRAUDGUARD PRO processing pipeline
2025-08-19 15:30:22,496 - __main__ - INFO - Arguments: {'skip_preprocessing': True, 'skip_balancing': True, 'skip_training': False, 'skip_explainability': False, 'skip_report': False}
2025-08-19 15:30:22,497 - __main__ - INFO - Skipping Preprocessing step
2025-08-19 15:30:22,497 - __main__ - INFO - Skipping Balancing step
2025-08-19 15:30:22,497 - __main__ - INFO - Starting Training step
2025-08-19 15:30:22,498 - __main__ - INFO - Starting model training...
2025-08-19 15:30:25,346 - __main__ - INFO - Training logistic model on creditcard data...
2025-08-19 15:30:25,346 - __main__ - ERROR - Model training failed: train_and_evaluate() missing 1 required positional argument: 'config'
2025-08-19 15:30:25,347 - __main__ - ERROR - Traceback (most recent call last):
  File "C:\Users\dawitsk\Desktop\Kifiya\fraud-detection-fintech\src\pipeline.py", line 129, in run_training
    result = train_and_evaluate(
             ^^^^^^^^^^^^^^^^^^^
TypeError: train_and_evaluate() missing 1 required positional argument: 'config'

2025-08-19 15:30:25,347 - __main__ - ERROR - Training step failed
2025-08-19 15:30:25,347 - __main__ - ERROR - Pipeline failed
2025-08-19 15:30:43,194 - __main__ - INFO - Starting FRAUDGUARD PRO processing pipeline
2025-08-19 15:30:43,194 - __main__ - INFO - Arguments: {'skip_preprocessing': True, 'skip_balancing': True, 'skip_training': False, 'skip_explainability': False, 'skip_report': False}
2025-08-19 15:30:43,196 - __main__ - INFO - Skipping Preprocessing step
2025-08-19 15:30:43,196 - __main__ - INFO - Skipping Balancing step
2025-08-19 15:30:43,196 - __main__ - INFO - Starting Training step
2025-08-19 15:30:43,196 - __main__ - INFO - Starting model training...
2025-08-19 15:30:44,926 - __main__ - INFO - Training logistic model on creditcard data...
2025-08-19 15:30:44,926 - __main__ - ERROR - Model training failed: train_and_evaluate() missing 1 required positional argument: 'config'
2025-08-19 15:30:44,927 - __main__ - ERROR - Traceback (most recent call last):
  File "C:\Users\dawitsk\Desktop\Kifiya\fraud-detection-fintech\src\pipeline.py", line 129, in run_training
    result = train_and_evaluate(
             ^^^^^^^^^^^^^^^^^^^
TypeError: train_and_evaluate() missing 1 required positional argument: 'config'

2025-08-19 15:30:44,927 - __main__ - ERROR - Training step failed
2025-08-19 15:30:44,927 - __main__ - ERROR - Pipeline failed
